Build started 3/17/2016 5:35:15 PM.
     1>Project "D:\Impossible\Impossible\Impossible.vcxproj" on node 2 (Build target(s)).
     1>ClCompile:
         C:\Program Files (x86)\Microsoft Visual Studio 12.0\VC\bin\CL.exe /c /Zi /nologo /W3 /WX- /sdl /O2 /Oi /Oy- /GL /D WIN32 /D NDEBUG /D _WINDOWS /D _UNICODE /D UNICODE /Gm- /EHsc /MD /GS /Gy /fp:precise /Zc:wchar_t /Zc:forScope /Fo"Release\\" /Fd"Release\vc120.pdb" /Gd /TP /analyze- /errorReport:prompt gamecode.cpp
         gamecode.cpp
       Link:
         C:\Program Files (x86)\Microsoft Visual Studio 12.0\VC\bin\link.exe /ERRORREPORT:PROMPT /OUT:"D:\Impossible\Release\Impossible.exe" /INCREMENTAL:NO /NOLOGO kernel32.lib user32.lib gdi32.lib winspool.lib comdlg32.lib advapi32.lib shell32.lib ole32.lib oleaut32.lib uuid.lib odbc32.lib odbccp32.lib /MANIFEST /MANIFESTUAC:"level='asInvoker' uiAccess='false'" /manifest:embed /DEBUG /PDB:"D:\Impossible\Release\Impossible.pdb" /SUBSYSTEM:WINDOWS /OPT:REF /OPT:ICF /LTCG /TLBID:1 /DYNAMICBASE /NXCOMPAT /IMPLIB:"D:\Impossible\Release\Impossible.lib" /MACHINE:X86 /SAFESEH Release\Impossible.res
         Release\camera.obj
         Release\entities.obj
         Release\ErrorLogger.obj
         Release\gamecode.obj
         Release\GameObject.obj
         Release\gametimer.obj
         Release\KeyboardBuffer.obj
         Release\mydrawengine.obj
         Release\myinputs.obj
         Release\mysoundengine.obj
         Release\ObjectManager.obj
         Release\player.obj
         Release\Shapes.obj
         Release\vector2D.obj
         Release\wall.obj
         Release\wincode.obj
         Generating code
         Finished generating code
         Impossible.vcxproj -> D:\Impossible\Release\Impossible.exe
     1>Done Building Project "D:\Impossible\Impossible\Impossible.vcxproj" (Build target(s)).

Build succeeded.

Time Elapsed 00:00:01.62
